<?xml version="1.0" encoding="UTF-8"?>
<testng-results skipped="0" failed="0" ignored="0" total="1" passed="1">
  <reporter-output>
  </reporter-output>
  <suite name="Default suite" duration-ms="38477" started-at="2021-05-11T07:26:44Z" finished-at="2021-05-11T07:27:23Z">
    <groups>
    </groups>
    <test name="Default test" duration-ms="38477" started-at="2021-05-11T07:26:44Z" finished-at="2021-05-11T07:27:23Z">
      <class name="selenium.AddToCart">
        <test-method status="PASS" signature="cart()[pri:0, instance:selenium.AddToCart@2b98378d]" name="cart" duration-ms="38410" started-at="2021-05-11T07:26:44Z" finished-at="2021-05-11T07:27:23Z">
          <reporter-output>
          </reporter-output>
        </test-method> <!-- cart -->
      </class> <!-- selenium.AddToCart -->
    </test> <!-- Default test -->
  </suite> <!-- Default suite -->
</testng-results>
